<?xml version="1.0" encoding="UTF-8"?>
<!-- Generated by org.testng.reporters.JUnitXMLReporter -->
<testsuite ignored="0" hostname="Adithya" failures="0" tests="15" name="Default test" time="19.186" errors="0" timestamp="2023-02-01T09:53:04 IST">
  <testcase classname="ProjectWorks.BaseTest" name="@BeforeMethod base" time="4.562">
    <failure type="org.openqa.selenium.NoSuchWindowException" message="no such window: window was already closed
  (Session info: chrome=100.0.4896.88)
Build info: version: &amp;apos;3.141.59&amp;apos;, revision: &amp;apos;e82be7d358&amp;apos;, time: &amp;apos;2018-11-14T08:25:53&amp;apos;
System info: host: &amp;apos;ADITHYA&amp;apos;, ip: &amp;apos;10.10.61.245&amp;apos;, os.name: &amp;apos;Windows 10&amp;apos;, os.arch: &amp;apos;amd64&amp;apos;, os.version: &amp;apos;10.0&amp;apos;, java.version: &amp;apos;17.0.5&amp;apos;
Driver info: org.openqa.selenium.chrome.ChromeDriver
Capabilities {acceptInsecureCerts: false, browserName: chrome, browserVersion: 100.0.4896.88, chrome: {chromedriverVersion: 100.0.4896.60 (6a5d10861ce8..., userDataDir: C:\Users\sbadi\AppData\Loca...}, goog:chromeOptions: {debuggerAddress: localhost:50380}, javascriptEnabled: true, networkConnectionEnabled: false, pageLoadStrategy: normal, platform: WINDOWS, platformName: WINDOWS, proxy: Proxy(), setWindowRect: true, strictFileInteractability: false, timeouts: {implicit: 0, pageLoad: 300000, script: 30000}, unhandledPromptBehavior: dismiss and notify, webauthn:extension:credBlob: true, webauthn:extension:largeBlob: true, webauthn:virtualAuthenticators: true}
Session ID: 333567532bbee5eec54db66cd5409790">
      <![CDATA[org.openqa.selenium.NoSuchWindowException: no such window: window was already closed
  (Session info: chrome=100.0.4896.88)
Build info: version: '3.141.59', revision: 'e82be7d358', time: '2018-11-14T08:25:53'
System info: host: 'ADITHYA', ip: '10.10.61.245', os.name: 'Windows 10', os.arch: 'amd64', os.version: '10.0', java.version: '17.0.5'
Driver info: org.openqa.selenium.chrome.ChromeDriver
Capabilities {acceptInsecureCerts: false, browserName: chrome, browserVersion: 100.0.4896.88, chrome: {chromedriverVersion: 100.0.4896.60 (6a5d10861ce8..., userDataDir: C:\Users\sbadi\AppData\Loca...}, goog:chromeOptions: {debuggerAddress: localhost:50380}, javascriptEnabled: true, networkConnectionEnabled: false, pageLoadStrategy: normal, platform: WINDOWS, platformName: WINDOWS, proxy: Proxy(), setWindowRect: true, strictFileInteractability: false, timeouts: {implicit: 0, pageLoad: 300000, script: 30000}, unhandledPromptBehavior: dismiss and notify, webauthn:extension:credBlob: true, webauthn:extension:largeBlob: true, webauthn:virtualAuthenticators: true}
Session ID: 333567532bbee5eec54db66cd5409790
at java.base/jdk.internal.reflect.NativeConstructorAccessorImpl.newInstance0(Native Method)
at java.base/jdk.internal.reflect.NativeConstructorAccessorImpl.newInstance(NativeConstructorAccessorImpl.java:77)
at java.base/jdk.internal.reflect.DelegatingConstructorAccessorImpl.newInstance(DelegatingConstructorAccessorImpl.java:45)
at java.base/java.lang.reflect.Constructor.newInstanceWithCaller(Constructor.java:499)
at java.base/java.lang.reflect.Constructor.newInstance(Constructor.java:480)
at org.openqa.selenium.remote.http.W3CHttpResponseCodec.createException(W3CHttpResponseCodec.java:187)
at org.openqa.selenium.remote.http.W3CHttpResponseCodec.decode(W3CHttpResponseCodec.java:122)
at org.openqa.selenium.remote.http.W3CHttpResponseCodec.decode(W3CHttpResponseCodec.java:49)
at org.openqa.selenium.remote.HttpCommandExecutor.execute(HttpCommandExecutor.java:158)
at org.openqa.selenium.remote.service.DriverCommandExecutor.execute(DriverCommandExecutor.java:83)
at org.openqa.selenium.remote.RemoteWebDriver.execute(RemoteWebDriver.java:552)
at org.openqa.selenium.remote.RemoteWebDriver.execute(RemoteWebDriver.java:609)
at org.openqa.selenium.remote.RemoteWebDriver.getTitle(RemoteWebDriver.java:281)
at ProjectWorks.BaseTest.base(BaseTest.java:27)
at java.base/jdk.internal.reflect.NativeMethodAccessorImpl.invoke0(Native Method)
at java.base/jdk.internal.reflect.NativeMethodAccessorImpl.invoke(NativeMethodAccessorImpl.java:77)
at java.base/jdk.internal.reflect.DelegatingMethodAccessorImpl.invoke(DelegatingMethodAccessorImpl.java:43)
at java.base/java.lang.reflect.Method.invoke(Method.java:568)
at org.testng.internal.MethodInvocationHelper.invokeMethod(MethodInvocationHelper.java:132)
at org.testng.internal.MethodInvocationHelper.invokeMethodConsideringTimeout(MethodInvocationHelper.java:61)
at org.testng.internal.ConfigInvoker.invokeConfigurationMethod(ConfigInvoker.java:366)
at org.testng.internal.ConfigInvoker.invokeConfigurations(ConfigInvoker.java:320)
at org.testng.internal.TestInvoker.runConfigMethods(TestInvoker.java:701)
at org.testng.internal.TestInvoker.invokeMethod(TestInvoker.java:527)
at org.testng.internal.TestInvoker.invokeTestMethod(TestInvoker.java:174)
at org.testng.internal.MethodRunner.runInSequence(MethodRunner.java:46)
at org.testng.internal.TestInvoker$MethodInvocationAgent.invoke(TestInvoker.java:822)
at org.testng.internal.TestInvoker.invokeTestMethods(TestInvoker.java:147)
at org.testng.internal.TestMethodWorker.invokeTestMethods(TestMethodWorker.java:146)
at org.testng.internal.TestMethodWorker.run(TestMethodWorker.java:128)
at java.base/java.util.ArrayList.forEach(ArrayList.java:1511)
at org.testng.TestRunner.privateRun(TestRunner.java:764)
at org.testng.TestRunner.run(TestRunner.java:585)
at org.testng.SuiteRunner.runTest(SuiteRunner.java:384)
at org.testng.SuiteRunner.runSequentially(SuiteRunner.java:378)
at org.testng.SuiteRunner.privateRun(SuiteRunner.java:337)
at org.testng.SuiteRunner.run(SuiteRunner.java:286)
at org.testng.SuiteRunnerWorker.runSuite(SuiteRunnerWorker.java:53)
at org.testng.SuiteRunnerWorker.run(SuiteRunnerWorker.java:96)
at org.testng.TestNG.runSuitesSequentially(TestNG.java:1218)
at org.testng.TestNG.runSuitesLocally(TestNG.java:1140)
at org.testng.TestNG.runSuites(TestNG.java:1069)
at org.testng.TestNG.run(TestNG.java:1037)
at org.testng.remote.AbstractRemoteTestNG.run(AbstractRemoteTestNG.java:115)
at org.testng.remote.RemoteTestNG.initAndRun(RemoteTestNG.java:251)
at org.testng.remote.RemoteTestNG.main(RemoteTestNG.java:77)
]]>
    </failure>
  </testcase> <!-- @BeforeMethod base -->
  <testcase classname="ProjectWorks.BaseTest" name="@BeforeMethod base" time="-1.675225383963E9">
    <skipped/>
  </testcase> <!-- @BeforeMethod base -->
  <testcase classname="ProjectWorks.BaseTest" name="@BeforeMethod base" time="-1.675225383971E9">
    <skipped/>
  </testcase> <!-- @BeforeMethod base -->
  <testcase classname="ProjectWorks.BaseTest" name="@BeforeMethod base" time="-1.67522538398E9">
    <skipped/>
  </testcase> <!-- @BeforeMethod base -->
  <testcase classname="ProjectWorks.BaseTest" name="@BeforeMethod base" time="-1.675225383988E9">
    <skipped/>
  </testcase> <!-- @BeforeMethod base -->
  <testcase classname="ProjectWorks.BaseTest" name="@BeforeMethod base" time="-1.675225383998E9">
    <skipped/>
  </testcase> <!-- @BeforeMethod base -->
  <testcase classname="ProjectWorks.BaseTest" name="@BeforeMethod base" time="-1.675225384007E9">
    <skipped/>
  </testcase> <!-- @BeforeMethod base -->
  <testcase classname="ProjectWorks.BaseTest" name="@BeforeMethod base" time="-1.675225384018E9">
    <skipped/>
  </testcase> <!-- @BeforeMethod base -->
  <testcase classname="ProjectWorks.BaseTest" name="@BeforeMethod base" time="-1.675225384026E9">
    <skipped/>
  </testcase> <!-- @BeforeMethod base -->
  <testcase classname="ProjectWorks.BaseTest" name="@BeforeMethod base" time="-1.675225384035E9">
    <skipped/>
  </testcase> <!-- @BeforeMethod base -->
  <testcase classname="ProjectWorks.BaseTest" name="@BeforeMethod base" time="-1.675225384043E9">
    <skipped/>
  </testcase> <!-- @BeforeMethod base -->
  <testcase classname="ProjectWorks.BaseTest" name="@BeforeMethod base" time="-1.67522538405E9">
    <skipped/>
  </testcase> <!-- @BeforeMethod base -->
  <testcase classname="ProjectWorks.BaseTest" name="@BeforeMethod base" time="-1.675225384057E9">
    <skipped/>
  </testcase> <!-- @BeforeMethod base -->
  <testcase classname="ProjectWorks.BaseTest" name="@BeforeMethod base" time="-1.675225384066E9">
    <skipped/>
  </testcase> <!-- @BeforeMethod base -->
  <testcase classname="ProjectWorks.TC__Camper001Test" name="working" time="2.866"/>
  <testcase classname="ProjectWorks.TC__Camper001Test" name="working" time="0.0">
    <skipped/>
  </testcase> <!-- working -->
  <testcase classname="ProjectWorks.TC__Camper001Test" name="working" time="0.0">
    <skipped/>
  </testcase> <!-- working -->
  <testcase classname="ProjectWorks.TC__Camper001Test" name="working" time="0.0">
    <skipped/>
  </testcase> <!-- working -->
  <testcase classname="ProjectWorks.TC__Camper001Test" name="working" time="0.0">
    <skipped/>
  </testcase> <!-- working -->
  <testcase classname="ProjectWorks.TC__Camper001Test" name="working" time="0.0">
    <skipped/>
  </testcase> <!-- working -->
  <testcase classname="ProjectWorks.TC__Camper001Test" name="working" time="0.0">
    <skipped/>
  </testcase> <!-- working -->
  <testcase classname="ProjectWorks.TC__Camper001Test" name="working" time="0.0">
    <skipped/>
  </testcase> <!-- working -->
  <testcase classname="ProjectWorks.TC__Camper001Test" name="working" time="0.0">
    <skipped/>
  </testcase> <!-- working -->
  <testcase classname="ProjectWorks.TC__Camper001Test" name="working" time="0.0">
    <skipped/>
  </testcase> <!-- working -->
  <testcase classname="ProjectWorks.TC__Camper001Test" name="working" time="0.0">
    <skipped/>
  </testcase> <!-- working -->
  <testcase classname="ProjectWorks.TC__Camper001Test" name="working" time="0.0">
    <skipped/>
  </testcase> <!-- working -->
  <testcase classname="ProjectWorks.TC__Camper001Test" name="working" time="0.0">
    <skipped/>
  </testcase> <!-- working -->
  <testcase classname="ProjectWorks.TC__Camper001Test" name="working" time="0.0">
    <skipped/>
  </testcase> <!-- working -->
  <testcase classname="ProjectWorks.TC__Camper001Test" name="working" time="0.0">
    <skipped/>
  </testcase> <!-- working -->
</testsuite> <!-- Default test -->
