<?xml version="1.0" encoding="UTF-8"?>
<!-- Generated by org.testng.reporters.JUnitXMLReporter -->
<testsuite ignored="0" hostname="Adithya" failures="2" tests="16" name="Test" time="98.165" errors="0" timestamp="2023-01-22T11:19:38 IST">
  <testcase classname="ProjectWorks.BaseTest" name="@BeforeMethod base" time="53.735">
    <failure type="org.openqa.selenium.NoSuchWindowException" message="no such window: target window already closed
from unknown error: web view not found
  (Session info: chrome=100.0.4896.88)
Build info: version: &amp;apos;3.141.59&amp;apos;, revision: &amp;apos;e82be7d358&amp;apos;, time: &amp;apos;2018-11-14T08:25:53&amp;apos;
System info: host: &amp;apos;ADITHYA&amp;apos;, ip: &amp;apos;192.168.0.109&amp;apos;, os.name: &amp;apos;Windows 10&amp;apos;, os.arch: &amp;apos;amd64&amp;apos;, os.version: &amp;apos;10.0&amp;apos;, java.version: &amp;apos;17.0.5&amp;apos;
Driver info: org.openqa.selenium.chrome.ChromeDriver
Capabilities {acceptInsecureCerts: false, browserName: chrome, browserVersion: 100.0.4896.88, chrome: {chromedriverVersion: 100.0.4896.60 (6a5d10861ce8..., userDataDir: C:\Users\sbadi\AppData\Loca...}, goog:chromeOptions: {debuggerAddress: localhost:49238}, javascriptEnabled: true, networkConnectionEnabled: false, pageLoadStrategy: normal, platform: WINDOWS, platformName: WINDOWS, proxy: Proxy(), setWindowRect: true, strictFileInteractability: false, timeouts: {implicit: 0, pageLoad: 300000, script: 30000}, unhandledPromptBehavior: dismiss and notify, webauthn:extension:credBlob: true, webauthn:extension:largeBlob: true, webauthn:virtualAuthenticators: true}
Session ID: 94ac36a84c37e3f2ff3ceb80c8e0b1f9">
      <![CDATA[org.openqa.selenium.NoSuchWindowException: no such window: target window already closed
from unknown error: web view not found
  (Session info: chrome=100.0.4896.88)
Build info: version: '3.141.59', revision: 'e82be7d358', time: '2018-11-14T08:25:53'
System info: host: 'ADITHYA', ip: '192.168.0.109', os.name: 'Windows 10', os.arch: 'amd64', os.version: '10.0', java.version: '17.0.5'
Driver info: org.openqa.selenium.chrome.ChromeDriver
Capabilities {acceptInsecureCerts: false, browserName: chrome, browserVersion: 100.0.4896.88, chrome: {chromedriverVersion: 100.0.4896.60 (6a5d10861ce8..., userDataDir: C:\Users\sbadi\AppData\Loca...}, goog:chromeOptions: {debuggerAddress: localhost:49238}, javascriptEnabled: true, networkConnectionEnabled: false, pageLoadStrategy: normal, platform: WINDOWS, platformName: WINDOWS, proxy: Proxy(), setWindowRect: true, strictFileInteractability: false, timeouts: {implicit: 0, pageLoad: 300000, script: 30000}, unhandledPromptBehavior: dismiss and notify, webauthn:extension:credBlob: true, webauthn:extension:largeBlob: true, webauthn:virtualAuthenticators: true}
Session ID: 94ac36a84c37e3f2ff3ceb80c8e0b1f9
at org.openqa.selenium.remote.http.W3CHttpResponseCodec.createException(W3CHttpResponseCodec.java:187)
at org.openqa.selenium.remote.http.W3CHttpResponseCodec.decode(W3CHttpResponseCodec.java:122)
at org.openqa.selenium.remote.http.W3CHttpResponseCodec.decode(W3CHttpResponseCodec.java:49)
at org.openqa.selenium.remote.HttpCommandExecutor.execute(HttpCommandExecutor.java:158)
at org.openqa.selenium.remote.service.DriverCommandExecutor.execute(DriverCommandExecutor.java:83)
at org.openqa.selenium.remote.RemoteWebDriver.execute(RemoteWebDriver.java:552)
at org.openqa.selenium.remote.RemoteWebDriver.execute(RemoteWebDriver.java:609)
at org.openqa.selenium.remote.RemoteWebDriver.getTitle(RemoteWebDriver.java:281)
at ProjectWorks.BaseTest.base(BaseTest.java:27)
at java.base/java.util.ArrayList.forEach(ArrayList.java:1511)
... Removed 36 stack frames]]>
    </failure>
  </testcase> <!-- @BeforeMethod base -->
  <testcase classname="ProjectWorks.BaseTest" name="@BeforeMethod base" time="8.729">
    <failure type="org.openqa.selenium.NoSuchWindowException" message="no such window: target window already closed
from unknown error: web view not found
  (Session info: chrome=100.0.4896.88)
Build info: version: &amp;apos;3.141.59&amp;apos;, revision: &amp;apos;e82be7d358&amp;apos;, time: &amp;apos;2018-11-14T08:25:53&amp;apos;
System info: host: &amp;apos;ADITHYA&amp;apos;, ip: &amp;apos;192.168.0.109&amp;apos;, os.name: &amp;apos;Windows 10&amp;apos;, os.arch: &amp;apos;amd64&amp;apos;, os.version: &amp;apos;10.0&amp;apos;, java.version: &amp;apos;17.0.5&amp;apos;
Driver info: org.openqa.selenium.chrome.ChromeDriver
Capabilities {acceptInsecureCerts: false, browserName: chrome, browserVersion: 100.0.4896.88, chrome: {chromedriverVersion: 100.0.4896.60 (6a5d10861ce8..., userDataDir: C:\Users\sbadi\AppData\Loca...}, goog:chromeOptions: {debuggerAddress: localhost:49343}, javascriptEnabled: true, networkConnectionEnabled: false, pageLoadStrategy: normal, platform: WINDOWS, platformName: WINDOWS, proxy: Proxy(), setWindowRect: true, strictFileInteractability: false, timeouts: {implicit: 0, pageLoad: 300000, script: 30000}, unhandledPromptBehavior: dismiss and notify, webauthn:extension:credBlob: true, webauthn:extension:largeBlob: true, webauthn:virtualAuthenticators: true}
Session ID: 7dd2cc04e19e93929e5ea4110847427d">
      <![CDATA[org.openqa.selenium.NoSuchWindowException: no such window: target window already closed
from unknown error: web view not found
  (Session info: chrome=100.0.4896.88)
Build info: version: '3.141.59', revision: 'e82be7d358', time: '2018-11-14T08:25:53'
System info: host: 'ADITHYA', ip: '192.168.0.109', os.name: 'Windows 10', os.arch: 'amd64', os.version: '10.0', java.version: '17.0.5'
Driver info: org.openqa.selenium.chrome.ChromeDriver
Capabilities {acceptInsecureCerts: false, browserName: chrome, browserVersion: 100.0.4896.88, chrome: {chromedriverVersion: 100.0.4896.60 (6a5d10861ce8..., userDataDir: C:\Users\sbadi\AppData\Loca...}, goog:chromeOptions: {debuggerAddress: localhost:49343}, javascriptEnabled: true, networkConnectionEnabled: false, pageLoadStrategy: normal, platform: WINDOWS, platformName: WINDOWS, proxy: Proxy(), setWindowRect: true, strictFileInteractability: false, timeouts: {implicit: 0, pageLoad: 300000, script: 30000}, unhandledPromptBehavior: dismiss and notify, webauthn:extension:credBlob: true, webauthn:extension:largeBlob: true, webauthn:virtualAuthenticators: true}
Session ID: 7dd2cc04e19e93929e5ea4110847427d
at org.openqa.selenium.remote.http.W3CHttpResponseCodec.createException(W3CHttpResponseCodec.java:187)
at org.openqa.selenium.remote.http.W3CHttpResponseCodec.decode(W3CHttpResponseCodec.java:122)
at org.openqa.selenium.remote.http.W3CHttpResponseCodec.decode(W3CHttpResponseCodec.java:49)
at org.openqa.selenium.remote.HttpCommandExecutor.execute(HttpCommandExecutor.java:158)
at org.openqa.selenium.remote.service.DriverCommandExecutor.execute(DriverCommandExecutor.java:83)
at org.openqa.selenium.remote.RemoteWebDriver.execute(RemoteWebDriver.java:552)
at org.openqa.selenium.remote.RemoteWebDriver.execute(RemoteWebDriver.java:609)
at org.openqa.selenium.remote.RemoteWebDriver.getTitle(RemoteWebDriver.java:281)
at ProjectWorks.BaseTest.base(BaseTest.java:27)
at java.base/java.util.ArrayList.forEach(ArrayList.java:1511)
... Removed 36 stack frames]]>
    </failure>
  </testcase> <!-- @BeforeMethod base -->
  <testcase classname="ProjectWorks.BaseTest" name="@BeforeMethod base" time="-1.674366578116E9">
    <skipped/>
  </testcase> <!-- @BeforeMethod base -->
  <testcase classname="ProjectWorks.BaseTest" name="@BeforeMethod base" time="-1.674366578133E9">
    <skipped/>
  </testcase> <!-- @BeforeMethod base -->
  <testcase classname="ProjectWorks.BaseTest" name="@BeforeMethod base" time="-1.674366578152E9">
    <skipped/>
  </testcase> <!-- @BeforeMethod base -->
  <testcase classname="ProjectWorks.BaseTest" name="@BeforeMethod base" time="-1.674366578163E9">
    <skipped/>
  </testcase> <!-- @BeforeMethod base -->
  <testcase classname="ProjectWorks.BaseTest" name="@BeforeMethod base" time="-1.674366578188E9">
    <skipped/>
  </testcase> <!-- @BeforeMethod base -->
  <testcase classname="ProjectWorks.BaseTest" name="@BeforeMethod base" time="-1.674366578201E9">
    <skipped/>
  </testcase> <!-- @BeforeMethod base -->
  <testcase classname="ProjectWorks.BaseTest" name="@BeforeMethod base" time="-1.674366578212E9">
    <skipped/>
  </testcase> <!-- @BeforeMethod base -->
  <testcase classname="ProjectWorks.BaseTest" name="@BeforeMethod base" time="-1.67436657822E9">
    <skipped/>
  </testcase> <!-- @BeforeMethod base -->
  <testcase classname="ProjectWorks.BaseTest" name="@BeforeMethod base" time="-1.674366578232E9">
    <skipped/>
  </testcase> <!-- @BeforeMethod base -->
  <testcase classname="ProjectWorks.BaseTest" name="@BeforeMethod base" time="-1.674366578248E9">
    <skipped/>
  </testcase> <!-- @BeforeMethod base -->
  <testcase classname="ProjectWorks.BaseTest" name="@BeforeMethod base" time="-1.674366578263E9">
    <skipped/>
  </testcase> <!-- @BeforeMethod base -->
  <testcase classname="ProjectWorks.BaseTest" name="@BeforeMethod base" time="-1.674366578272E9">
    <skipped/>
  </testcase> <!-- @BeforeMethod base -->
  <testcase classname="ProjectWorks.TC__Camper001" name="working" time="0.0">
    <skipped/>
  </testcase> <!-- working -->
  <testcase classname="ProjectWorks.TC_Make_006" name="Working" time="5.437">
    <failure type="org.openqa.selenium.NoSuchElementException" message="Cannot locate an element using id=make
For documentation on this error, please visit: https://www.seleniumhq.org/exceptions/no_such_element.html
Build info: version: &amp;apos;3.141.59&amp;apos;, revision: &amp;apos;e82be7d358&amp;apos;, time: &amp;apos;2018-11-14T08:25:53&amp;apos;
System info: host: &amp;apos;ADITHYA&amp;apos;, ip: &amp;apos;192.168.0.109&amp;apos;, os.name: &amp;apos;Windows 10&amp;apos;, os.arch: &amp;apos;amd64&amp;apos;, os.version: &amp;apos;10.0&amp;apos;, java.version: &amp;apos;17.0.5&amp;apos;
Driver info: driver.version: RemoteWebDriver">
      <![CDATA[org.openqa.selenium.NoSuchElementException: Cannot locate an element using id=make
For documentation on this error, please visit: https://www.seleniumhq.org/exceptions/no_such_element.html
Build info: version: '3.141.59', revision: 'e82be7d358', time: '2018-11-14T08:25:53'
System info: host: 'ADITHYA', ip: '192.168.0.109', os.name: 'Windows 10', os.arch: 'amd64', os.version: '10.0', java.version: '17.0.5'
Driver info: driver.version: RemoteWebDriver
at org.openqa.selenium.remote.RemoteWebDriver.findElement(RemoteWebDriver.java:327)
at org.openqa.selenium.remote.RemoteWebDriver.findElementById(RemoteWebDriver.java:372)
at org.openqa.selenium.By$ById.findElement(By.java:188)
at org.openqa.selenium.remote.RemoteWebDriver.findElement(RemoteWebDriver.java:315)
at org.openqa.selenium.support.pagefactory.DefaultElementLocator.findElement(DefaultElementLocator.java:69)
at org.openqa.selenium.support.pagefactory.internal.LocatingElementHandler.invoke(LocatingElementHandler.java:38)
at jdk.proxy2/jdk.proxy2.$Proxy12.sendKeys(Unknown Source)
at ProjectWorks.TC_Make_006.Working(TC_Make_006.java:11)
at java.base/java.util.ArrayList.forEach(ArrayList.java:1511)
... Removed 27 stack frames]]>
    </failure>
  </testcase> <!-- Working -->
  <testcase classname="ProjectWorks.TC_Make_006" name="Working" time="6.031">
    <failure type="org.openqa.selenium.NoSuchElementException" message="Cannot locate an element using id=make
For documentation on this error, please visit: https://www.seleniumhq.org/exceptions/no_such_element.html
Build info: version: &amp;apos;3.141.59&amp;apos;, revision: &amp;apos;e82be7d358&amp;apos;, time: &amp;apos;2018-11-14T08:25:53&amp;apos;
System info: host: &amp;apos;ADITHYA&amp;apos;, ip: &amp;apos;192.168.0.109&amp;apos;, os.name: &amp;apos;Windows 10&amp;apos;, os.arch: &amp;apos;amd64&amp;apos;, os.version: &amp;apos;10.0&amp;apos;, java.version: &amp;apos;17.0.5&amp;apos;
Driver info: driver.version: RemoteWebDriver">
      <![CDATA[org.openqa.selenium.NoSuchElementException: Cannot locate an element using id=make
For documentation on this error, please visit: https://www.seleniumhq.org/exceptions/no_such_element.html
Build info: version: '3.141.59', revision: 'e82be7d358', time: '2018-11-14T08:25:53'
System info: host: 'ADITHYA', ip: '192.168.0.109', os.name: 'Windows 10', os.arch: 'amd64', os.version: '10.0', java.version: '17.0.5'
Driver info: driver.version: RemoteWebDriver
at org.openqa.selenium.remote.RemoteWebDriver.findElement(RemoteWebDriver.java:327)
at org.openqa.selenium.remote.RemoteWebDriver.findElementById(RemoteWebDriver.java:372)
at org.openqa.selenium.By$ById.findElement(By.java:188)
at org.openqa.selenium.remote.RemoteWebDriver.findElement(RemoteWebDriver.java:315)
at org.openqa.selenium.support.pagefactory.DefaultElementLocator.findElement(DefaultElementLocator.java:69)
at org.openqa.selenium.support.pagefactory.internal.LocatingElementHandler.invoke(LocatingElementHandler.java:38)
at jdk.proxy2/jdk.proxy2.$Proxy12.sendKeys(Unknown Source)
at ProjectWorks.TC_Make_006.Working(TC_Make_006.java:11)
at java.base/java.util.ArrayList.forEach(ArrayList.java:1511)
... Removed 27 stack frames]]>
    </failure>
  </testcase> <!-- Working -->
  <testcase classname="ProjectWorks.TC_Make_006" name="Working" time="0.0">
    <skipped/>
  </testcase> <!-- Working -->
  <testcase classname="ProjectWorks.TC_Make_006" name="Working" time="0.0">
    <skipped/>
  </testcase> <!-- Working -->
  <testcase classname="ProjectWorks.TC_Make_006" name="Working" time="0.0">
    <skipped/>
  </testcase> <!-- Working -->
  <testcase classname="ProjectWorks.TC_Make_006" name="Working" time="0.0">
    <skipped/>
  </testcase> <!-- Working -->
  <testcase classname="ProjectWorks.TC_Make_006" name="Working" time="0.0">
    <skipped/>
  </testcase> <!-- Working -->
  <testcase classname="ProjectWorks.TC_Make_006" name="Working" time="0.0">
    <skipped/>
  </testcase> <!-- Working -->
  <testcase classname="ProjectWorks.TC_Make_006" name="Working" time="0.0">
    <skipped/>
  </testcase> <!-- Working -->
  <testcase classname="ProjectWorks.TC_Make_006" name="Working" time="0.0">
    <skipped/>
  </testcase> <!-- Working -->
  <testcase classname="ProjectWorks.TC_Make_006" name="Working" time="0.001">
    <skipped/>
  </testcase> <!-- Working -->
  <testcase classname="ProjectWorks.TC_Make_006" name="Working" time="0.0">
    <skipped/>
  </testcase> <!-- Working -->
  <testcase classname="ProjectWorks.TC_Make_006" name="Working" time="0.001">
    <skipped/>
  </testcase> <!-- Working -->
  <testcase classname="ProjectWorks.TC_Make_006" name="Working" time="0.0">
    <skipped/>
  </testcase> <!-- Working -->
  <testcase classname="ProjectWorks.TC_Make_006" name="Working" time="0.0">
    <skipped/>
  </testcase> <!-- Working -->
</testsuite> <!-- Test -->
